[2024-04-11 13:15:35][INFO] Downloading https://piston-data.mojang.com/v1/objects/b178a327a96f2cf1c9f98a45e5588d654a3e4369/client.jar to bluemap\minecraft-client-1.20.3.jar ...
[2024-04-11 13:15:36][FINE] Loading world id for 'C:\Users\sasul\Desktop\FoliaServer\world'...
[2024-04-11 13:15:38][INFO] Loading resources...
[2024-04-11 13:15:38][FINE] Loading resources from: C:\Users\sasul\Desktop\FoliaServer\world\datapacks\bukkit ...
[2024-04-11 13:15:38][FINE] Loading resources from: bluemap\resourceExtensions.zip ...
[2024-04-11 13:15:38][FINE] Loading resources from: bluemap\minecraft-client-1.20.3.jar ...
[2024-04-11 13:15:39][INFO] Loading textures...
[2024-04-11 13:15:39][FINE] Loading textures from: C:\Users\sasul\Desktop\FoliaServer\world\datapacks\bukkit ...
[2024-04-11 13:15:39][FINE] Loading textures from: bluemap\resourceExtensions.zip ...
[2024-04-11 13:15:39][FINE] Loading textures from: bluemap\minecraft-client-1.20.3.jar ...
[2024-04-11 13:15:45][INFO] Baking resources...
[2024-04-11 13:15:45][INFO] Resources loaded.
[2024-04-11 13:15:45][INFO] Loading world 'c1b4bfd1-dfa4-4042-b5fb-f3dfb1c2f0a3' (C:\Users\sasul\Desktop\FoliaServer\world)...
[2024-04-11 13:15:45][INFO] Initializing Storage: 'file' (Type: FILE)
[2024-04-11 13:15:45][INFO] Loading map 'world'...
[2024-04-11 13:15:46][FINE] Loading world id for 'C:\Users\sasul\Desktop\FoliaServer\world_the_end\DIM1'...
[2024-04-11 13:15:46][INFO] Loading world 'be757349-09ba-4429-93f7-32e07b970172' (C:\Users\sasul\Desktop\FoliaServer\world_the_end\DIM1)...
[2024-04-11 13:15:46][INFO] Loading map 'world_the_end'...
[2024-04-11 13:15:46][FINE] Loading world id for 'C:\Users\sasul\Desktop\FoliaServer\world_nether\DIM-1'...
[2024-04-11 13:15:46][INFO] Loading world '93d76b47-08ff-4a6d-a52a-4639cb176cdc' (C:\Users\sasul\Desktop\FoliaServer\world_nether\DIM-1)...
[2024-04-11 13:15:46][INFO] Loading map 'world_nether'...
[2024-04-11 13:15:46][INFO] WebServer bound to all network interfaces on port 8100
[2024-04-11 13:15:46][INFO] WebServer started.
[2024-04-11 13:38:19][INFO] Stopping...
